<?xml version="1.0" encoding="UTF-8"?>
<!-- Generated by org.testng.reporters.JUnitReportReporter -->
<testsuite hostname="DESKTOP-1429IRN" failures="0" tests="1" name="trafilea.trafileacollection.BaseTest" time="16.280" errors="0" timestamp="2024-05-27T22:00:10 ART" skipped="0">
  <testcase classname="trafilea.trafileacollection.BaseTest" name="luchbrowser" time="16.280"/>
</testsuite> <!-- trafilea.trafileacollection.BaseTest -->
