<?xml version="1.0" encoding="UTF-8"?>
<!-- Generated by org.testng.reporters.JUnitReportReporter -->
<testsuite hostname="DESKTOP-1429IRN" failures="0" tests="6" name="trafilea.trafileacollection.TestFinal" time="37.261" errors="0" timestamp="2024-05-28T15:33:06 ART" skipped="0">
  <testcase classname="trafilea.trafileacollection.TestFinal" name="homepagetest" time="2.035"/>
  <testcase classname="trafilea.trafileacollection.TestFinal" name="selecTheFirstProduct" time="5.640"/>
  <testcase classname="trafilea.trafileacollection.TestFinal" name="fillForm" time="28.063"/>
  <testcase classname="trafilea.trafileacollection.TestFinal" name="isDeliverySelected" time="0.090"/>
  <testcase classname="trafilea.trafileacollection.TestFinal" name="FillCridetCard" time="1.379"/>
  <testcase classname="trafilea.trafileacollection.TestFinal" name="asserterrormessage" time="0.054"/>
</testsuite> <!-- trafilea.trafileacollection.TestFinal -->
