<?xml version="1.0" encoding="UTF-8"?>
<!-- Generated by org.testng.reporters.JUnitReportReporter -->
<testsuite hostname="DESKTOP-1429IRN" failures="0" tests="4" name="trafilea.trafileacollection.APITesting" time="7.617" errors="0" timestamp="2024-05-28T15:33:06 ART" skipped="0">
  <testcase classname="trafilea.trafileacollection.APITesting" name="GetAllUsers" time="1.655"/>
  <testcase classname="trafilea.trafileacollection.APITesting" name="GetTheFirstActiveUser" time="2.603"/>
  <testcase classname="trafilea.trafileacollection.APITesting" name="getthefirstuser" time="1.985"/>
  <testcase classname="trafilea.trafileacollection.APITesting" name="deletafterbatch" time="1.374"/>
</testsuite> <!-- trafilea.trafileacollection.APITesting -->
